# JRE version: OpenJDK Runtime Environment (8.0_242-b01) (build 1.8.0_242-release-1644-b01)
# Java VM: OpenJDK 64-Bit Server VM (25.242-b01 mixed mode windows-amd64 compressed oops)
Heap:
 PSYoungGen      total 277504K, used 66771K [0x00000000d5580000, 0x00000000e9600000, 0x0000000100000000)
  eden space 226816K, 27% used [0x00000000d5580000,0x00000000d929cfb0,0x00000000e3300000)
  from space 50688K, 8% used [0x00000000e3300000,0x00000000e3718010,0x00000000e6480000)
  to   space 45568K, 0% used [0x00000000e6980000,0x00000000e6980000,0x00000000e9600000)
 ParOldGen       total 327168K, used 209151K [0x0000000080000000, 0x0000000093f80000, 0x00000000d5580000)
  object space 327168K, 63% used [0x0000000080000000,0x000000008cc3ff00,0x0000000093f80000)
 Metaspace       used 124911K, capacity 134518K, committed 134568K, reserved 1167360K
  class space    used 15620K, capacity 17314K, committed 17328K, reserved 1048576K
GC Heap History (10 events):
Event: 19305.616 GC heap before
{Heap before GC invocations=102 (full 5):
 PSYoungGen      total 265728K, used 241184K [0x00000000d5580000, 0x00000000e9380000, 0x0000000100000000)
  eden space 226304K, 100% used [0x00000000d5580000,0x00000000e3280000,0x00000000e3280000)
  from space 39424K, 37% used [0x00000000e6d00000,0x00000000e7b88050,0x00000000e9380000)
  to   space 49664K, 0% used [0x00000000e3280000,0x00000000e3280000,0x00000000e6300000)
 ParOldGen       total 327168K, used 206214K [0x0000000080000000, 0x0000000093f80000, 0x00000000d5580000)
  object space 327168K, 63% used [0x0000000080000000,0x000000008c9618b0,0x0000000093f80000)
 Metaspace       used 124842K, capacity 134450K, committed 134568K, reserved 1167360K
  class space    used 15620K, capacity 17314K, committed 17328K, reserved 1048576K
Event: 19305.633 GC heap after
Heap after GC invocations=102 (full 5):
 PSYoungGen      total 230400K, used 11280K [0x00000000d5580000, 0x00000000e8700000, 0x0000000100000000)
  eden space 218624K, 0% used [0x00000000d5580000,0x00000000d5580000,0x00000000e2b00000)
  from space 11776K, 95% used [0x00000000e3280000,0x00000000e3d84060,0x00000000e3e00000)
  to   space 47104K, 0% used [0x00000000e5900000,0x00000000e5900000,0x00000000e8700000)
 ParOldGen       total 327168K, used 206270K [0x0000000080000000, 0x0000000093f80000, 0x00000000d5580000)
  object space 327168K, 63% used [0x0000000080000000,0x000000008c96f8b0,0x0000000093f80000)
 Metaspace       used 124842K, capacity 134450K, committed 134568K, reserved 1167360K
  class space    used 15620K, capacity 17314K, committed 17328K, reserved 1048576K
}
Event: 19306.833 GC heap before
{Heap before GC invocations=103 (full 5):
 PSYoungGen      total 230400K, used 229904K [0x00000000d5580000, 0x00000000e8700000, 0x0000000100000000)
  eden space 218624K, 100% used [0x00000000d5580000,0x00000000e2b00000,0x00000000e2b00000)
  from space 11776K, 95% used [0x00000000e3280000,0x00000000e3d84060,0x00000000e3e00000)
  to   space 47104K, 0% used [0x00000000e5900000,0x00000000e5900000,0x00000000e8700000)
 ParOldGen       total 327168K, used 206270K [0x0000000080000000, 0x0000000093f80000, 0x00000000d5580000)
  object space 327168K, 63% used [0x0000000080000000,0x000000008c96f8b0,0x0000000093f80000)
 Metaspace       used 124848K, capacity 134514K, committed 134568K, reserved 1167360K
  class space    used 15620K, capacity 17314K, committed 17328K, reserved 1048576K
Event: 19306.967 GC heap after
Heap after GC invocations=103 (full 5):
 PSYoungGen      total 256512K, used 47094K [0x00000000d5580000, 0x00000000eaf80000, 0x0000000100000000)
  eden space 209408K, 0% used [0x00000000d5580000,0x00000000d5580000,0x00000000e2200000)
  from space 47104K, 99% used [0x00000000e5900000,0x00000000e86fdac8,0x00000000e8700000)
  to   space 56320K, 0% used [0x00000000e2200000,0x00000000e2200000,0x00000000e5900000)
 ParOldGen       total 327168K, used 207787K [0x0000000080000000, 0x0000000093f80000, 0x00000000d5580000)
  object space 327168K, 63% used [0x0000000080000000,0x000000008caeaee8,0x0000000093f80000)
 Metaspace       used 124848K, capacity 134514K, committed 134568K, reserved 1167360K
  class space    used 15620K, capacity 17314K, committed 17328K, reserved 1048576K
}
Event: 19411.687 GC heap before
{Heap before GC invocations=104 (full 5):
 PSYoungGen      total 256512K, used 256502K [0x00000000d5580000, 0x00000000eaf80000, 0x0000000100000000)
  eden space 209408K, 100% used [0x00000000d5580000,0x00000000e2200000,0x00000000e2200000)
  from space 47104K, 99% used [0x00000000e5900000,0x00000000e86fdac8,0x00000000e8700000)
  to   space 56320K, 0% used [0x00000000e2200000,0x00000000e2200000,0x00000000e5900000)
 ParOldGen       total 327168K, used 207787K [0x0000000080000000, 0x0000000093f80000, 0x00000000d5580000)
  object space 327168K, 63% used [0x0000000080000000,0x000000008caeaee8,0x0000000093f80000)
 Metaspace       used 124856K, capacity 134514K, committed 134568K, reserved 1167360K
  class space    used 15620K, capacity 17314K, committed 17328K, reserved 1048576K
Event: 19412.182 GC heap after
Heap after GC invocations=104 (full 5):
 PSYoungGen      total 265728K, used 13883K [0x00000000d5580000, 0x00000000e9e00000, 0x0000000100000000)
  eden space 209408K, 0% used [0x00000000d5580000,0x00000000d5580000,0x00000000e2200000)
  from space 56320K, 24% used [0x00000000e2200000,0x00000000e2f8edd0,0x00000000e5900000)
  to   space 53760K, 0% used [0x00000000e6980000,0x00000000e6980000,0x00000000e9e00000)
 ParOldGen       total 327168K, used 209111K [0x0000000080000000, 0x0000000093f80000, 0x00000000d5580000)
  object space 327168K, 63% used [0x0000000080000000,0x000000008cc35f00,0x0000000093f80000)
 Metaspace       used 124856K, capacity 134514K, committed 134568K, reserved 1167360K
  class space    used 15620K, capacity 17314K, committed 17328K, reserved 1048576K
}
Event: 19527.004 GC heap before
{Heap before GC invocations=105 (full 5):
 PSYoungGen      total 265728K, used 222142K [0x00000000d5580000, 0x00000000e9e00000, 0x0000000100000000)
  eden space 209408K, 99% used [0x00000000d5580000,0x00000000e20e0a58,0x00000000e2200000)
  from space 56320K, 24% used [0x00000000e2200000,0x00000000e2f8edd0,0x00000000e5900000)
  to   space 53760K, 0% used [0x00000000e6980000,0x00000000e6980000,0x00000000e9e00000)
 ParOldGen       total 327168K, used 209111K [0x0000000080000000, 0x0000000093f80000, 0x00000000d5580000)
  object space 327168K, 63% used [0x0000000080000000,0x000000008cc35f00,0x0000000093f80000)
 Metaspace       used 124870K, capacity 134514K, committed 134568K, reserved 1167360K
  class space    used 15620K, capacity 17314K, committed 17328K, reserved 1048576K
Event: 19527.383 GC heap after
Heap after GC invocations=105 (full 5):
 PSYoungGen      total 272384K, used 20740K [0x00000000d5580000, 0x00000000e9600000, 0x0000000100000000)
  eden space 226816K, 0% used [0x00000000d5580000,0x00000000d5580000,0x00000000e3300000)
  from space 45568K, 45% used [0x00000000e6980000,0x00000000e7dc1050,0x00000000e9600000)
  to   space 50688K, 0% used [0x00000000e3300000,0x00000000e3300000,0x00000000e6480000)
 ParOldGen       total 327168K, used 209119K [0x0000000080000000, 0x0000000093f80000, 0x00000000d5580000)
  object space 327168K, 63% used [0x0000000080000000,0x000000008cc37f00,0x0000000093f80000)
 Metaspace       used 124870K, capacity 134514K, committed 134568K, reserved 1167360K
  class space    used 15620K, capacity 17314K, committed 17328K, reserved 1048576K
}
Event: 19571.549 GC heap before
{Heap before GC invocations=106 (full 5):
 PSYoungGen      total 272384K, used 247556K [0x00000000d5580000, 0x00000000e9600000, 0x0000000100000000)
  eden space 226816K, 100% used [0x00000000d5580000,0x00000000e3300000,0x00000000e3300000)
  from space 45568K, 45% used [0x00000000e6980000,0x00000000e7dc1050,0x00000000e9600000)
  to   space 50688K, 0% used [0x00000000e3300000,0x00000000e3300000,0x00000000e6480000)
 ParOldGen       total 327168K, used 209119K [0x0000000080000000, 0x0000000093f80000, 0x00000000d5580000)
  object space 327168K, 63% used [0x0000000080000000,0x000000008cc37f00,0x0000000093f80000)
 Metaspace       used 124894K, capacity 134514K, committed 134568K, reserved 1167360K
  class space    used 15620K, capacity 17314K, committed 17328K, reserved 1048576K
Event: 19571.594 GC heap after
Heap after GC invocations=106 (full 5):
 PSYoungGen      total 277504K, used 4192K [0x00000000d5580000, 0x00000000e9600000, 0x0000000100000000)
  eden space 226816K, 0% used [0x00000000d5580000,0x00000000d5580000,0x00000000e3300000)
  from space 50688K, 8% used [0x00000000e3300000,0x00000000e3718010,0x00000000e6480000)
  to   space 45568K, 0% used [0x00000000e6980000,0x00000000e6980000,0x00000000e9600000)
 ParOldGen       total 327168K, used 209151K [0x0000000080000000, 0x0000000093f80000, 0x00000000d5580000)
  object space 327168K, 63% used [0x0000000080000000,0x000000008cc3ff00,0x0000000093f80000)
 Metaspace       used 124894K, capacity 134514K, committed 134568K, reserved 1167360K
  class space    used 15620K, capacity 17314K, committed 17328K, reserved 1048576K
}

