# JRE version: OpenJDK Runtime Environment (8.0_242-b01) (build 1.8.0_242-release-1644-b01)
# Java VM: OpenJDK 64-Bit Server VM (25.242-b01 mixed mode windows-amd64 compressed oops)
Heap:
 PSYoungGen      total 185856K, used 26674K [0x00000000d5580000, 0x00000000e6b00000, 0x0000000100000000)
  eden space 160256K, 6% used [0x00000000d5580000,0x00000000d5fc7488,0x00000000df200000)
  from space 25600K, 63% used [0x00000000df200000,0x00000000e01c56f0,0x00000000e0b00000)
  to   space 41472K, 0% used [0x00000000e4280000,0x00000000e4280000,0x00000000e6b00000)
 ParOldGen       total 189440K, used 74909K [0x0000000080000000, 0x000000008b900000, 0x00000000d5580000)
  object space 189440K, 39% used [0x0000000080000000,0x00000000849277a8,0x000000008b900000)
 Metaspace       used 73364K, capacity 76738K, committed 76952K, reserved 1116160K
  class space    used 9920K, capacity 10588K, committed 10672K, reserved 1048576K
GC Heap History (10 events):
Event: 10.566 GC heap before
{Heap before GC invocations=15 (full 3):
 PSYoungGen      total 180736K, used 2080K [0x00000000d5580000, 0x00000000e1580000, 0x0000000100000000)
  eden space 169984K, 0% used [0x00000000d5580000,0x00000000d5580000,0x00000000dfb80000)
  from space 10752K, 19% used [0x00000000e0b00000,0x00000000e0d08000,0x00000000e1580000)
  to   space 13312K, 0% used [0x00000000dfb80000,0x00000000dfb80000,0x00000000e0880000)
 ParOldGen       total 75264K, used 42103K [0x0000000080000000, 0x0000000084980000, 0x00000000d5580000)
  object space 75264K, 55% used [0x0000000080000000,0x000000008291dd30,0x0000000084980000)
 Metaspace       used 56726K, capacity 59068K, committed 59160K, reserved 1099776K
  class space    used 7761K, capacity 8237K, committed 8240K, reserved 1048576K
Event: 10.822 GC heap after
Heap after GC invocations=15 (full 3):
 PSYoungGen      total 180736K, used 0K [0x00000000d5580000, 0x00000000e1580000, 0x0000000100000000)
  eden space 169984K, 0% used [0x00000000d5580000,0x00000000d5580000,0x00000000dfb80000)
  from space 10752K, 0% used [0x00000000e0b00000,0x00000000e0b00000,0x00000000e1580000)
  to   space 13312K, 0% used [0x00000000dfb80000,0x00000000dfb80000,0x00000000e0880000)
 ParOldGen       total 75264K, used 30526K [0x0000000080000000, 0x0000000084980000, 0x00000000d5580000)
  object space 75264K, 40% used [0x0000000080000000,0x0000000081dcf958,0x0000000084980000)
 Metaspace       used 56705K, capacity 58996K, committed 59160K, reserved 1099776K
  class space    used 7755K, capacity 8225K, committed 8240K, reserved 1048576K
}
Event: 14.066 GC heap before
{Heap before GC invocations=16 (full 3):
 PSYoungGen      total 180736K, used 169984K [0x00000000d5580000, 0x00000000e1580000, 0x0000000100000000)
  eden space 169984K, 100% used [0x00000000d5580000,0x00000000dfb80000,0x00000000dfb80000)
  from space 10752K, 0% used [0x00000000e0b00000,0x00000000e0b00000,0x00000000e1580000)
  to   space 13312K, 0% used [0x00000000dfb80000,0x00000000dfb80000,0x00000000e0880000)
 ParOldGen       total 75264K, used 30526K [0x0000000080000000, 0x0000000084980000, 0x00000000d5580000)
  object space 75264K, 40% used [0x0000000080000000,0x0000000081dcf958,0x0000000084980000)
 Metaspace       used 63453K, capacity 66244K, committed 66456K, reserved 1105920K
  class space    used 8737K, capacity 9335K, committed 9392K, reserved 1048576K
Event: 14.091 GC heap after
Heap after GC invocations=16 (full 3):
 PSYoungGen      total 183296K, used 13294K [0x00000000d5580000, 0x00000000e1580000, 0x0000000100000000)
  eden space 169984K, 0% used [0x00000000d5580000,0x00000000d5580000,0x00000000dfb80000)
  from space 13312K, 99% used [0x00000000dfb80000,0x00000000e087b860,0x00000000e0880000)
  to   space 10752K, 0% used [0x00000000e0b00000,0x00000000e0b00000,0x00000000e1580000)
 ParOldGen       total 75264K, used 32940K [0x0000000080000000, 0x0000000084980000, 0x00000000d5580000)
  object space 75264K, 43% used [0x0000000080000000,0x000000008202b128,0x0000000084980000)
 Metaspace       used 63453K, capacity 66244K, committed 66456K, reserved 1105920K
  class space    used 8737K, capacity 9335K, committed 9392K, reserved 1048576K
}
Event: 1169.137 GC heap before
{Heap before GC invocations=17 (full 3):
 PSYoungGen      total 183296K, used 183278K [0x00000000d5580000, 0x00000000e1580000, 0x0000000100000000)
  eden space 169984K, 100% used [0x00000000d5580000,0x00000000dfb80000,0x00000000dfb80000)
  from space 13312K, 99% used [0x00000000dfb80000,0x00000000e087b860,0x00000000e0880000)
  to   space 10752K, 0% used [0x00000000e0b00000,0x00000000e0b00000,0x00000000e1580000)
 ParOldGen       total 75264K, used 32940K [0x0000000080000000, 0x0000000084980000, 0x00000000d5580000)
  object space 75264K, 43% used [0x0000000080000000,0x000000008202b128,0x0000000084980000)
 Metaspace       used 68926K, capacity 72276K, committed 72344K, reserved 1112064K
  class space    used 9212K, capacity 9887K, committed 9904K, reserved 1048576K
Event: 1169.170 GC heap after
Heap after GC invocations=17 (full 3):
 PSYoungGen      total 171008K, used 10742K [0x00000000d5580000, 0x00000000e5480000, 0x0000000100000000)
  eden space 160256K, 0% used [0x00000000d5580000,0x00000000d5580000,0x00000000df200000)
  from space 10752K, 99% used [0x00000000e0b00000,0x00000000e157dad0,0x00000000e1580000)
  to   space 25600K, 0% used [0x00000000df200000,0x00000000df200000,0x00000000e0b00000)
 ParOldGen       total 75264K, used 44400K [0x0000000080000000, 0x0000000084980000, 0x00000000d5580000)
  object space 75264K, 58% used [0x0000000080000000,0x0000000082b5c320,0x0000000084980000)
 Metaspace       used 68926K, capacity 72276K, committed 72344K, reserved 1112064K
  class space    used 9212K, capacity 9887K, committed 9904K, reserved 1048576K
}
Event: 1171.411 GC heap before
{Heap before GC invocations=18 (full 3):
 PSYoungGen      total 171008K, used 170998K [0x00000000d5580000, 0x00000000e5480000, 0x0000000100000000)
  eden space 160256K, 100% used [0x00000000d5580000,0x00000000df200000,0x00000000df200000)
  from space 10752K, 99% used [0x00000000e0b00000,0x00000000e157dad0,0x00000000e1580000)
  to   space 25600K, 0% used [0x00000000df200000,0x00000000df200000,0x00000000e0b00000)
 ParOldGen       total 75264K, used 44400K [0x0000000080000000, 0x0000000084980000, 0x00000000d5580000)
  object space 75264K, 58% used [0x0000000080000000,0x0000000082b5c320,0x0000000084980000)
 Metaspace       used 72454K, capacity 75888K, committed 76056K, reserved 1114112K
  class space    used 9783K, capacity 10469K, committed 10544K, reserved 1048576K
Event: 1171.496 GC heap after
Heap after GC invocations=18 (full 3):
 PSYoungGen      total 185856K, used 25568K [0x00000000d5580000, 0x00000000e6b00000, 0x0000000100000000)
  eden space 160256K, 0% used [0x00000000d5580000,0x00000000d5580000,0x00000000df200000)
  from space 25600K, 99% used [0x00000000df200000,0x00000000e0af8160,0x00000000e0b00000)
  to   space 41472K, 0% used [0x00000000e4280000,0x00000000e4280000,0x00000000e6b00000)
 ParOldGen       total 76800K, used 76304K [0x0000000080000000, 0x0000000084b00000, 0x00000000d5580000)
  object space 76800K, 99% used [0x0000000080000000,0x0000000084a842f0,0x0000000084b00000)
 Metaspace       used 72454K, capacity 75888K, committed 76056K, reserved 1114112K
  class space    used 9783K, capacity 10469K, committed 10544K, reserved 1048576K
}
Event: 1171.496 GC heap before
{Heap before GC invocations=19 (full 4):
 PSYoungGen      total 185856K, used 25568K [0x00000000d5580000, 0x00000000e6b00000, 0x0000000100000000)
  eden space 160256K, 0% used [0x00000000d5580000,0x00000000d5580000,0x00000000df200000)
  from space 25600K, 99% used [0x00000000df200000,0x00000000e0af8160,0x00000000e0b00000)
  to   space 41472K, 0% used [0x00000000e4280000,0x00000000e4280000,0x00000000e6b00000)
 ParOldGen       total 76800K, used 76304K [0x0000000080000000, 0x0000000084b00000, 0x00000000d5580000)
  object space 76800K, 99% used [0x0000000080000000,0x0000000084a842f0,0x0000000084b00000)
 Metaspace       used 72454K, capacity 75888K, committed 76056K, reserved 1114112K
  class space    used 9783K, capacity 10469K, committed 10544K, reserved 1048576K
Event: 1172.098 GC heap after
Heap after GC invocations=19 (full 4):
 PSYoungGen      total 185856K, used 16149K [0x00000000d5580000, 0x00000000e6b00000, 0x0000000100000000)
  eden space 160256K, 0% used [0x00000000d5580000,0x00000000d5580000,0x00000000df200000)
  from space 25600K, 63% used [0x00000000df200000,0x00000000e01c56f0,0x00000000e0b00000)
  to   space 41472K, 0% used [0x00000000e4280000,0x00000000e4280000,0x00000000e6b00000)
 ParOldGen       total 189440K, used 74909K [0x0000000080000000, 0x000000008b900000, 0x00000000d5580000)
  object space 189440K, 39% used [0x0000000080000000,0x00000000849277a8,0x000000008b900000)
 Metaspace       used 72415K, capacity 75772K, committed 76056K, reserved 1114112K
  class space    used 9771K, capacity 10447K, committed 10544K, reserved 1048576K
}

