# JRE version: OpenJDK Runtime Environment (8.0_242-b01) (build 1.8.0_242-release-1644-b01)
# Java VM: OpenJDK 64-Bit Server VM (25.242-b01 mixed mode windows-amd64 compressed oops)
Heap:
 PSYoungGen      total 246272K, used 100823K [0x00000000d5580000, 0x00000000e5400000, 0x0000000100000000)
  eden space 231936K, 37% used [0x00000000d5580000,0x00000000da9f88c8,0x00000000e3800000)
  from space 14336K, 99% used [0x00000000e3800000,0x00000000e45fd580,0x00000000e4600000)
  to   space 12288K, 0% used [0x00000000e4800000,0x00000000e4800000,0x00000000e5400000)
 ParOldGen       total 78848K, used 19239K [0x0000000080000000, 0x0000000084d00000, 0x00000000d5580000)
  object space 78848K, 24% used [0x0000000080000000,0x00000000812c9d00,0x0000000084d00000)
 Metaspace       used 53845K, capacity 55990K, committed 56232K, reserved 1097728K
  class space    used 7301K, capacity 7771K, committed 7856K, reserved 1048576K
GC Heap History (10 events):
Event: 3.951 GC heap before
{Heap before GC invocations=7 (full 1):
 PSYoungGen      total 142336K, used 5460K [0x00000000d5580000, 0x00000000dec80000, 0x0000000100000000)
  eden space 131072K, 0% used [0x00000000d5580000,0x00000000d5580000,0x00000000dd580000)
  from space 11264K, 48% used [0x00000000de180000,0x00000000de6d5040,0x00000000dec80000)
  to   space 11776K, 0% used [0x00000000dd580000,0x00000000dd580000,0x00000000de100000)
 ParOldGen       total 86016K, used 9627K [0x0000000080000000, 0x0000000085400000, 0x00000000d5580000)
  object space 86016K, 11% used [0x0000000080000000,0x0000000080966e00,0x0000000085400000)
 Metaspace       used 20587K, capacity 21208K, committed 21296K, reserved 1067008K
  class space    used 2873K, capacity 3076K, committed 3120K, reserved 1048576K
Event: 3.999 GC heap after
Heap after GC invocations=7 (full 1):
 PSYoungGen      total 142336K, used 0K [0x00000000d5580000, 0x00000000dec80000, 0x0000000100000000)
  eden space 131072K, 0% used [0x00000000d5580000,0x00000000d5580000,0x00000000dd580000)
  from space 11264K, 0% used [0x00000000de180000,0x00000000de180000,0x00000000dec80000)
  to   space 11776K, 0% used [0x00000000dd580000,0x00000000dd580000,0x00000000de100000)
 ParOldGen       total 56320K, used 11526K [0x0000000080000000, 0x0000000083700000, 0x00000000d5580000)
  object space 56320K, 20% used [0x0000000080000000,0x0000000080b41aa0,0x0000000083700000)
 Metaspace       used 20587K, capacity 21208K, committed 21296K, reserved 1067008K
  class space    used 2873K, capacity 3076K, committed 3120K, reserved 1048576K
}
Event: 5.806 GC heap before
{Heap before GC invocations=8 (full 1):
 PSYoungGen      total 142336K, used 131072K [0x00000000d5580000, 0x00000000dec80000, 0x0000000100000000)
  eden space 131072K, 100% used [0x00000000d5580000,0x00000000dd580000,0x00000000dd580000)
  from space 11264K, 0% used [0x00000000de180000,0x00000000de180000,0x00000000dec80000)
  to   space 11776K, 0% used [0x00000000dd580000,0x00000000dd580000,0x00000000de100000)
 ParOldGen       total 56320K, used 11526K [0x0000000080000000, 0x0000000083700000, 0x00000000d5580000)
  object space 56320K, 20% used [0x0000000080000000,0x0000000080b41aa0,0x0000000083700000)
 Metaspace       used 32818K, capacity 33844K, committed 33968K, reserved 1079296K
  class space    used 4483K, capacity 4750K, committed 4784K, reserved 1048576K
Event: 5.825 GC heap after
Heap after GC invocations=8 (full 1):
 PSYoungGen      total 142848K, used 11750K [0x00000000d5580000, 0x00000000e5680000, 0x0000000100000000)
  eden space 131072K, 0% used [0x00000000d5580000,0x00000000d5580000,0x00000000dd580000)
  from space 11776K, 99% used [0x00000000dd580000,0x00000000de0f9a28,0x00000000de100000)
  to   space 14848K, 0% used [0x00000000e4800000,0x00000000e4800000,0x00000000e5680000)
 ParOldGen       total 56320K, used 13980K [0x0000000080000000, 0x0000000083700000, 0x00000000d5580000)
  object space 56320K, 24% used [0x0000000080000000,0x0000000080da7328,0x0000000083700000)
 Metaspace       used 32818K, capacity 33844K, committed 33968K, reserved 1079296K
  class space    used 4483K, capacity 4750K, committed 4784K, reserved 1048576K
}
Event: 6.204 GC heap before
{Heap before GC invocations=9 (full 1):
 PSYoungGen      total 142848K, used 39492K [0x00000000d5580000, 0x00000000e5680000, 0x0000000100000000)
  eden space 131072K, 21% used [0x00000000d5580000,0x00000000d7097890,0x00000000dd580000)
  from space 11776K, 99% used [0x00000000dd580000,0x00000000de0f9a28,0x00000000de100000)
  to   space 14848K, 0% used [0x00000000e4800000,0x00000000e4800000,0x00000000e5680000)
 ParOldGen       total 56320K, used 13980K [0x0000000080000000, 0x0000000083700000, 0x00000000d5580000)
  object space 56320K, 24% used [0x0000000080000000,0x0000000080da7328,0x0000000083700000)
 Metaspace       used 34225K, capacity 35396K, committed 35496K, reserved 1079296K
  class space    used 4712K, capacity 5001K, committed 5040K, reserved 1048576K
Event: 6.216 GC heap after
Heap after GC invocations=9 (full 1):
 PSYoungGen      total 244224K, used 7963K [0x00000000d5580000, 0x00000000e5400000, 0x0000000100000000)
  eden space 231936K, 0% used [0x00000000d5580000,0x00000000d5580000,0x00000000e3800000)
  from space 12288K, 64% used [0x00000000e4800000,0x00000000e4fc6e30,0x00000000e5400000)
  to   space 14336K, 0% used [0x00000000e3800000,0x00000000e3800000,0x00000000e4600000)
 ParOldGen       total 56320K, used 13988K [0x0000000080000000, 0x0000000083700000, 0x00000000d5580000)
  object space 56320K, 24% used [0x0000000080000000,0x0000000080da9328,0x0000000083700000)
 Metaspace       used 34225K, capacity 35396K, committed 35496K, reserved 1079296K
  class space    used 4712K, capacity 5001K, committed 5040K, reserved 1048576K
}
Event: 6.216 GC heap before
{Heap before GC invocations=10 (full 2):
 PSYoungGen      total 244224K, used 7963K [0x00000000d5580000, 0x00000000e5400000, 0x0000000100000000)
  eden space 231936K, 0% used [0x00000000d5580000,0x00000000d5580000,0x00000000e3800000)
  from space 12288K, 64% used [0x00000000e4800000,0x00000000e4fc6e30,0x00000000e5400000)
  to   space 14336K, 0% used [0x00000000e3800000,0x00000000e3800000,0x00000000e4600000)
 ParOldGen       total 56320K, used 13988K [0x0000000080000000, 0x0000000083700000, 0x00000000d5580000)
  object space 56320K, 24% used [0x0000000080000000,0x0000000080da9328,0x0000000083700000)
 Metaspace       used 34225K, capacity 35396K, committed 35496K, reserved 1079296K
  class space    used 4712K, capacity 5001K, committed 5040K, reserved 1048576K
Event: 6.374 GC heap after
Heap after GC invocations=10 (full 2):
 PSYoungGen      total 244224K, used 0K [0x00000000d5580000, 0x00000000e5400000, 0x0000000100000000)
  eden space 231936K, 0% used [0x00000000d5580000,0x00000000d5580000,0x00000000e3800000)
  from space 12288K, 0% used [0x00000000e4800000,0x00000000e4800000,0x00000000e5400000)
  to   space 14336K, 0% used [0x00000000e3800000,0x00000000e3800000,0x00000000e4600000)
 ParOldGen       total 78848K, used 14391K [0x0000000080000000, 0x0000000084d00000, 0x00000000d5580000)
  object space 78848K, 18% used [0x0000000080000000,0x0000000080e0dfd8,0x0000000084d00000)
 Metaspace       used 34225K, capacity 35396K, committed 35496K, reserved 1079296K
  class space    used 4712K, capacity 5001K, committed 5040K, reserved 1048576K
}
Event: 9.125 GC heap before
{Heap before GC invocations=11 (full 2):
 PSYoungGen      total 244224K, used 231936K [0x00000000d5580000, 0x00000000e5400000, 0x0000000100000000)
  eden space 231936K, 100% used [0x00000000d5580000,0x00000000e3800000,0x00000000e3800000)
  from space 12288K, 0% used [0x00000000e4800000,0x00000000e4800000,0x00000000e5400000)
  to   space 14336K, 0% used [0x00000000e3800000,0x00000000e3800000,0x00000000e4600000)
 ParOldGen       total 78848K, used 14391K [0x0000000080000000, 0x0000000084d00000, 0x00000000d5580000)
  object space 78848K, 18% used [0x0000000080000000,0x0000000080e0dfd8,0x0000000084d00000)
 Metaspace       used 46742K, capacity 48614K, committed 48936K, reserved 1091584K
  class space    used 6311K, capacity 6683K, committed 6704K, reserved 1048576K
Event: 9.147 GC heap after
Heap after GC invocations=11 (full 2):
 PSYoungGen      total 246272K, used 14325K [0x00000000d5580000, 0x00000000e5400000, 0x0000000100000000)
  eden space 231936K, 0% used [0x00000000d5580000,0x00000000d5580000,0x00000000e3800000)
  from space 14336K, 99% used [0x00000000e3800000,0x00000000e45fd580,0x00000000e4600000)
  to   space 12288K, 0% used [0x00000000e4800000,0x00000000e4800000,0x00000000e5400000)
 ParOldGen       total 78848K, used 19239K [0x0000000080000000, 0x0000000084d00000, 0x00000000d5580000)
  object space 78848K, 24% used [0x0000000080000000,0x00000000812c9d00,0x0000000084d00000)
 Metaspace       used 46742K, capacity 48614K, committed 48936K, reserved 1091584K
  class space    used 6311K, capacity 6683K, committed 6704K, reserved 1048576K
}

