# JRE version: OpenJDK Runtime Environment (8.0_242-b01) (build 1.8.0_242-release-1644-b01)
# Java VM: OpenJDK 64-Bit Server VM (25.242-b01 mixed mode windows-amd64 compressed oops)
Heap:
 PSYoungGen      total 177152K, used 12703K [0x00000000d5580000, 0x00000000e1100000, 0x0000000100000000)
  eden space 165376K, 1% used [0x00000000d5580000,0x00000000d585a470,0x00000000df700000)
  from space 11776K, 83% used [0x00000000e0580000,0x00000000e0f0d9c0,0x00000000e1100000)
  to   space 13312K, 0% used [0x00000000df700000,0x00000000df700000,0x00000000e0400000)
 ParOldGen       total 77312K, used 17232K [0x0000000080000000, 0x0000000084b80000, 0x00000000d5580000)
  object space 77312K, 22% used [0x0000000080000000,0x00000000810d4060,0x0000000084b80000)
 Metaspace       used 39217K, capacity 40852K, committed 41128K, reserved 1085440K
  class space    used 5410K, capacity 5770K, committed 5808K, reserved 1048576K
GC Heap History (10 events):
Event: 3.668 GC heap before
{Heap before GC invocations=8 (full 1):
 PSYoungGen      total 75264K, used 3920K [0x00000000d5580000, 0x00000000de880000, 0x0000000100000000)
  eden space 64512K, 0% used [0x00000000d5580000,0x00000000d5580000,0x00000000d9480000)
  from space 10752K, 36% used [0x00000000d9480000,0x00000000d9854040,0x00000000d9f00000)
  to   space 10752K, 0% used [0x00000000dde00000,0x00000000dde00000,0x00000000de880000)
 ParOldGen       total 86016K, used 8338K [0x0000000080000000, 0x0000000085400000, 0x00000000d5580000)
  object space 86016K, 9% used [0x0000000080000000,0x0000000080824bf0,0x0000000085400000)
 Metaspace       used 20567K, capacity 21216K, committed 21296K, reserved 1067008K
  class space    used 2873K, capacity 3076K, committed 3120K, reserved 1048576K
Event: 3.709 GC heap after
Heap after GC invocations=8 (full 1):
 PSYoungGen      total 75264K, used 0K [0x00000000d5580000, 0x00000000de880000, 0x0000000100000000)
  eden space 64512K, 0% used [0x00000000d5580000,0x00000000d5580000,0x00000000d9480000)
  from space 10752K, 0% used [0x00000000d9480000,0x00000000d9480000,0x00000000d9f00000)
  to   space 10752K, 0% used [0x00000000dde00000,0x00000000dde00000,0x00000000de880000)
 ParOldGen       total 49664K, used 6766K [0x0000000080000000, 0x0000000083080000, 0x00000000d5580000)
  object space 49664K, 13% used [0x0000000080000000,0x000000008069baf0,0x0000000083080000)
 Metaspace       used 20567K, capacity 21216K, committed 21296K, reserved 1067008K
  class space    used 2873K, capacity 3076K, committed 3120K, reserved 1048576K
}
Event: 4.583 GC heap before
{Heap before GC invocations=9 (full 1):
 PSYoungGen      total 75264K, used 64512K [0x00000000d5580000, 0x00000000de880000, 0x0000000100000000)
  eden space 64512K, 100% used [0x00000000d5580000,0x00000000d9480000,0x00000000d9480000)
  from space 10752K, 0% used [0x00000000d9480000,0x00000000d9480000,0x00000000d9f00000)
  to   space 10752K, 0% used [0x00000000dde00000,0x00000000dde00000,0x00000000de880000)
 ParOldGen       total 49664K, used 6766K [0x0000000080000000, 0x0000000083080000, 0x00000000d5580000)
  object space 49664K, 13% used [0x0000000080000000,0x000000008069baf0,0x0000000083080000)
 Metaspace       used 28753K, capacity 29598K, committed 29872K, reserved 1075200K
  class space    used 3982K, capacity 4221K, committed 4272K, reserved 1048576K
Event: 4.593 GC heap after
Heap after GC invocations=9 (full 1):
 PSYoungGen      total 123904K, used 8511K [0x00000000d5580000, 0x00000000de680000, 0x0000000100000000)
  eden space 115200K, 0% used [0x00000000d5580000,0x00000000d5580000,0x00000000dc600000)
  from space 8704K, 97% used [0x00000000dde00000,0x00000000de64fcf0,0x00000000de680000)
  to   space 11264K, 0% used [0x00000000dd080000,0x00000000dd080000,0x00000000ddb80000)
 ParOldGen       total 49664K, used 6774K [0x0000000080000000, 0x0000000083080000, 0x00000000d5580000)
  object space 49664K, 13% used [0x0000000080000000,0x000000008069daf0,0x0000000083080000)
 Metaspace       used 28753K, capacity 29598K, committed 29872K, reserved 1075200K
  class space    used 3982K, capacity 4221K, committed 4272K, reserved 1048576K
}
Event: 5.762 GC heap before
{Heap before GC invocations=10 (full 1):
 PSYoungGen      total 123904K, used 102304K [0x00000000d5580000, 0x00000000de680000, 0x0000000100000000)
  eden space 115200K, 81% used [0x00000000d5580000,0x00000000db1183c0,0x00000000dc600000)
  from space 8704K, 97% used [0x00000000dde00000,0x00000000de64fcf0,0x00000000de680000)
  to   space 11264K, 0% used [0x00000000dd080000,0x00000000dd080000,0x00000000ddb80000)
 ParOldGen       total 49664K, used 6774K [0x0000000080000000, 0x0000000083080000, 0x00000000d5580000)
  object space 49664K, 13% used [0x0000000080000000,0x000000008069daf0,0x0000000083080000)
 Metaspace       used 34305K, capacity 35406K, committed 35496K, reserved 1079296K
  class space    used 4720K, capacity 5002K, committed 5040K, reserved 1048576K
Event: 5.778 GC heap after
Heap after GC invocations=10 (full 1):
 PSYoungGen      total 137216K, used 11042K [0x00000000d5580000, 0x00000000e1200000, 0x0000000100000000)
  eden space 125952K, 0% used [0x00000000d5580000,0x00000000d5580000,0x00000000dd080000)
  from space 11264K, 98% used [0x00000000dd080000,0x00000000ddb489f8,0x00000000ddb80000)
  to   space 12800K, 0% used [0x00000000e0580000,0x00000000e0580000,0x00000000e1200000)
 ParOldGen       total 49664K, used 6782K [0x0000000080000000, 0x0000000083080000, 0x00000000d5580000)
  object space 49664K, 13% used [0x0000000080000000,0x000000008069faf0,0x0000000083080000)
 Metaspace       used 34305K, capacity 35406K, committed 35496K, reserved 1079296K
  class space    used 4720K, capacity 5002K, committed 5040K, reserved 1048576K
}
Event: 5.778 GC heap before
{Heap before GC invocations=11 (full 2):
 PSYoungGen      total 137216K, used 11042K [0x00000000d5580000, 0x00000000e1200000, 0x0000000100000000)
  eden space 125952K, 0% used [0x00000000d5580000,0x00000000d5580000,0x00000000dd080000)
  from space 11264K, 98% used [0x00000000dd080000,0x00000000ddb489f8,0x00000000ddb80000)
  to   space 12800K, 0% used [0x00000000e0580000,0x00000000e0580000,0x00000000e1200000)
 ParOldGen       total 49664K, used 6782K [0x0000000080000000, 0x0000000083080000, 0x00000000d5580000)
  object space 49664K, 13% used [0x0000000080000000,0x000000008069faf0,0x0000000083080000)
 Metaspace       used 34305K, capacity 35406K, committed 35496K, reserved 1079296K
  class space    used 4720K, capacity 5002K, committed 5040K, reserved 1048576K
Event: 5.869 GC heap after
Heap after GC invocations=11 (full 2):
 PSYoungGen      total 137216K, used 0K [0x00000000d5580000, 0x00000000e1200000, 0x0000000100000000)
  eden space 125952K, 0% used [0x00000000d5580000,0x00000000d5580000,0x00000000dd080000)
  from space 11264K, 0% used [0x00000000dd080000,0x00000000dd080000,0x00000000ddb80000)
  to   space 12800K, 0% used [0x00000000e0580000,0x00000000e0580000,0x00000000e1200000)
 ParOldGen       total 77312K, used 17224K [0x0000000080000000, 0x0000000084b80000, 0x00000000d5580000)
  object space 77312K, 22% used [0x0000000080000000,0x00000000810d2060,0x0000000084b80000)
 Metaspace       used 34305K, capacity 35406K, committed 35496K, reserved 1079296K
  class space    used 4720K, capacity 5002K, committed 5040K, reserved 1048576K
}
Event: 7.353 GC heap before
{Heap before GC invocations=12 (full 2):
 PSYoungGen      total 137216K, used 125952K [0x00000000d5580000, 0x00000000e1200000, 0x0000000100000000)
  eden space 125952K, 100% used [0x00000000d5580000,0x00000000dd080000,0x00000000dd080000)
  from space 11264K, 0% used [0x00000000dd080000,0x00000000dd080000,0x00000000ddb80000)
  to   space 12800K, 0% used [0x00000000e0580000,0x00000000e0580000,0x00000000e1200000)
 ParOldGen       total 77312K, used 17224K [0x0000000080000000, 0x0000000084b80000, 0x00000000d5580000)
  object space 77312K, 22% used [0x0000000080000000,0x00000000810d2060,0x0000000084b80000)
 Metaspace       used 39177K, capacity 40846K, committed 41128K, reserved 1085440K
  class space    used 5403K, capacity 5769K, committed 5808K, reserved 1048576K
Event: 7.374 GC heap after
Heap after GC invocations=12 (full 2):
 PSYoungGen      total 177152K, used 9782K [0x00000000d5580000, 0x00000000e1100000, 0x0000000100000000)
  eden space 165376K, 0% used [0x00000000d5580000,0x00000000d5580000,0x00000000df700000)
  from space 11776K, 83% used [0x00000000e0580000,0x00000000e0f0d9c0,0x00000000e1100000)
  to   space 13312K, 0% used [0x00000000df700000,0x00000000df700000,0x00000000e0400000)
 ParOldGen       total 77312K, used 17232K [0x0000000080000000, 0x0000000084b80000, 0x00000000d5580000)
  object space 77312K, 22% used [0x0000000080000000,0x00000000810d4060,0x0000000084b80000)
 Metaspace       used 39177K, capacity 40846K, committed 41128K, reserved 1085440K
  class space    used 5403K, capacity 5769K, committed 5808K, reserved 1048576K
}

